2020-10-14T11:29:06+00:00 CRITICAL syntax error, unexpected 'echo' (T_ECHO) in D:\OSPanel\domains\cosmedic\wp-content\themes\cosmedoc\lib\woo-customizations\woo-filters.php on line 10

2020-10-14T11:29:08+00:00 CRITICAL syntax error, unexpected 'echo' (T_ECHO) in D:\OSPanel\domains\cosmedic\wp-content\themes\cosmedoc\lib\woo-customizations\woo-filters.php on line 10

2020-10-14T11:29:09+00:00 CRITICAL syntax error, unexpected 'echo' (T_ECHO) in D:\OSPanel\domains\cosmedic\wp-content\themes\cosmedoc\lib\woo-customizations\woo-filters.php on line 10

2020-10-14T13:30:05+00:00 CRITICAL syntax error, unexpected 'endif' (T_ENDIF) in D:\OSPanel\domains\cosmedic\wp-content\themes\cosmedoc\lib\woo-customizations\woo-filters.php on line 16

2020-10-14T13:30:05+00:00 CRITICAL syntax error, unexpected 'endif' (T_ENDIF) in D:\OSPanel\domains\cosmedic\wp-content\themes\cosmedoc\lib\woo-customizations\woo-filters.php on line 16

2020-10-14T21:09:30+00:00 CRITICAL Uncaught Error: Call to a member function is_in_stock() on null in D:\OSPanel\domains\cosmedic\wp-content\themes\cosmedoc\lib\woo-customizations\woo-filters.php:37
Stack trace:
#0 D:\OSPanel\domains\cosmedic\wp-includes\class-wp-hook.php(287): filters_ajax('')
#1 D:\OSPanel\domains\cosmedic\wp-includes\class-wp-hook.php(311): WP_Hook->apply_filters('', Array)
#2 D:\OSPanel\domains\cosmedic\wp-includes\plugin.php(478): WP_Hook->do_action(Array)
#3 D:\OSPanel\domains\cosmedic\wp-admin\admin-ajax.php(191): do_action('wp_ajax_nopriv_...')
#4 {main}
  thrown in D:\OSPanel\domains\cosmedic\wp-content\themes\cosmedoc\lib\woo-customizations\woo-filters.php on line 37

2020-10-14T21:11:06+00:00 CRITICAL Uncaught Error: Call to a member function is_in_stock() on null in D:\OSPanel\domains\cosmedic\wp-content\themes\cosmedoc\lib\woo-customizations\woo-filters.php:38
Stack trace:
#0 D:\OSPanel\domains\cosmedic\wp-includes\class-wp-hook.php(287): filters_ajax('')
#1 D:\OSPanel\domains\cosmedic\wp-includes\class-wp-hook.php(311): WP_Hook->apply_filters('', Array)
#2 D:\OSPanel\domains\cosmedic\wp-includes\plugin.php(478): WP_Hook->do_action(Array)
#3 D:\OSPanel\domains\cosmedic\wp-admin\admin-ajax.php(191): do_action('wp_ajax_nopriv_...')
#4 {main}
  thrown in D:\OSPanel\domains\cosmedic\wp-content\themes\cosmedoc\lib\woo-customizations\woo-filters.php on line 38

2020-10-14T21:15:22+00:00 CRITICAL syntax error, unexpected '$product' (T_VARIABLE) in D:\OSPanel\domains\cosmedic\wp-content\themes\cosmedoc\lib\woo-customizations\woo-filters.php on line 38

2020-10-14T21:15:22+00:00 CRITICAL syntax error, unexpected '$product' (T_VARIABLE) in D:\OSPanel\domains\cosmedic\wp-content\themes\cosmedoc\lib\woo-customizations\woo-filters.php on line 38

2020-10-14T21:15:22+00:00 CRITICAL syntax error, unexpected '$product' (T_VARIABLE) in D:\OSPanel\domains\cosmedic\wp-content\themes\cosmedoc\lib\woo-customizations\woo-filters.php on line 38

2020-10-14T21:15:24+00:00 CRITICAL syntax error, unexpected '$product' (T_VARIABLE) in D:\OSPanel\domains\cosmedic\wp-content\themes\cosmedoc\lib\woo-customizations\woo-filters.php on line 38

2020-10-14T21:15:24+00:00 CRITICAL syntax error, unexpected '$product' (T_VARIABLE) in D:\OSPanel\domains\cosmedic\wp-content\themes\cosmedoc\lib\woo-customizations\woo-filters.php on line 38

2020-10-14T21:20:36+00:00 CRITICAL Uncaught Error: Call to a member function get_stock_quantity() on boolean in D:\OSPanel\domains\cosmedic\wp-content\themes\cosmedoc\lib\woo-customizations\woo-filters.php:38
Stack trace:
#0 D:\OSPanel\domains\cosmedic\wp-includes\class-wp-hook.php(287): filters_ajax('')
#1 D:\OSPanel\domains\cosmedic\wp-includes\class-wp-hook.php(311): WP_Hook->apply_filters('', Array)
#2 D:\OSPanel\domains\cosmedic\wp-includes\plugin.php(478): WP_Hook->do_action(Array)
#3 D:\OSPanel\domains\cosmedic\wp-admin\admin-ajax.php(191): do_action('wp_ajax_nopriv_...')
#4 {main}
  thrown in D:\OSPanel\domains\cosmedic\wp-content\themes\cosmedoc\lib\woo-customizations\woo-filters.php on line 38

2020-10-14T21:39:52+00:00 CRITICAL syntax error, unexpected 'if' (T_IF) in D:\OSPanel\domains\cosmedic\wp-content\themes\cosmedoc\lib\woo-customizations\woo-filters.php on line 35

2020-10-14T21:39:52+00:00 CRITICAL syntax error, unexpected 'if' (T_IF) in D:\OSPanel\domains\cosmedic\wp-content\themes\cosmedoc\lib\woo-customizations\woo-filters.php on line 35

2020-10-14T21:39:52+00:00 CRITICAL syntax error, unexpected 'if' (T_IF) in D:\OSPanel\domains\cosmedic\wp-content\themes\cosmedoc\lib\woo-customizations\woo-filters.php on line 35

2020-10-14T21:43:01+00:00 CRITICAL syntax error, unexpected '$stock' (T_VARIABLE) in D:\OSPanel\domains\cosmedic\wp-content\themes\cosmedoc\lib\woo-customizations\woo-filters.php on line 38

2020-10-14T21:43:02+00:00 CRITICAL syntax error, unexpected '$stock' (T_VARIABLE) in D:\OSPanel\domains\cosmedic\wp-content\themes\cosmedoc\lib\woo-customizations\woo-filters.php on line 38

2020-10-14T21:43:02+00:00 CRITICAL syntax error, unexpected '$stock' (T_VARIABLE) in D:\OSPanel\domains\cosmedic\wp-content\themes\cosmedoc\lib\woo-customizations\woo-filters.php on line 38

2020-10-14T21:43:05+00:00 CRITICAL syntax error, unexpected '$stock' (T_VARIABLE) in D:\OSPanel\domains\cosmedic\wp-content\themes\cosmedoc\lib\woo-customizations\woo-filters.php on line 38

2020-10-14T21:43:17+00:00 CRITICAL syntax error, unexpected '$stock' (T_VARIABLE) in D:\OSPanel\domains\cosmedic\wp-content\themes\cosmedoc\lib\woo-customizations\woo-filters.php on line 38

2020-10-14T21:43:26+00:00 CRITICAL syntax error, unexpected '$stock' (T_VARIABLE) in D:\OSPanel\domains\cosmedic\wp-content\themes\cosmedoc\lib\woo-customizations\woo-filters.php on line 38

2020-10-14T21:44:49+00:00 CRITICAL Uncaught Error: Unsupported operand types in D:\OSPanel\domains\cosmedic\wp-content\themes\cosmedoc\lib\woo-customizations\woo-filters.php:39
Stack trace:
#0 D:\OSPanel\domains\cosmedic\wp-includes\class-wp-hook.php(287): filters_ajax('')
#1 D:\OSPanel\domains\cosmedic\wp-includes\class-wp-hook.php(311): WP_Hook->apply_filters('', Array)
#2 D:\OSPanel\domains\cosmedic\wp-includes\plugin.php(478): WP_Hook->do_action(Array)
#3 D:\OSPanel\domains\cosmedic\wp-admin\admin-ajax.php(191): do_action('wp_ajax_nopriv_...')
#4 {main}
  thrown in D:\OSPanel\domains\cosmedic\wp-content\themes\cosmedoc\lib\woo-customizations\woo-filters.php on line 39

2020-10-14T21:45:04+00:00 CRITICAL Uncaught Error: Unsupported operand types in D:\OSPanel\domains\cosmedic\wp-content\themes\cosmedoc\lib\woo-customizations\woo-filters.php:39
Stack trace:
#0 D:\OSPanel\domains\cosmedic\wp-includes\class-wp-hook.php(287): filters_ajax('')
#1 D:\OSPanel\domains\cosmedic\wp-includes\class-wp-hook.php(311): WP_Hook->apply_filters('', Array)
#2 D:\OSPanel\domains\cosmedic\wp-includes\plugin.php(478): WP_Hook->do_action(Array)
#3 D:\OSPanel\domains\cosmedic\wp-admin\admin-ajax.php(191): do_action('wp_ajax_nopriv_...')
#4 {main}
  thrown in D:\OSPanel\domains\cosmedic\wp-content\themes\cosmedoc\lib\woo-customizations\woo-filters.php on line 39

2020-10-14T21:45:04+00:00 CRITICAL Uncaught Error: Unsupported operand types in D:\OSPanel\domains\cosmedic\wp-content\themes\cosmedoc\lib\woo-customizations\woo-filters.php:39
Stack trace:
#0 D:\OSPanel\domains\cosmedic\wp-includes\class-wp-hook.php(287): filters_ajax('')
#1 D:\OSPanel\domains\cosmedic\wp-includes\class-wp-hook.php(311): WP_Hook->apply_filters('', Array)
#2 D:\OSPanel\domains\cosmedic\wp-includes\plugin.php(478): WP_Hook->do_action(Array)
#3 D:\OSPanel\domains\cosmedic\wp-admin\admin-ajax.php(191): do_action('wp_ajax_nopriv_...')
#4 {main}
  thrown in D:\OSPanel\domains\cosmedic\wp-content\themes\cosmedoc\lib\woo-customizations\woo-filters.php on line 39

2020-10-14T21:54:41+00:00 CRITICAL Uncaught Error: Call to a member function get_stock_quantity() on null in D:\OSPanel\domains\cosmedic\wp-content\themes\cosmedoc\lib\woo-customizations\woo-filters.php:38
Stack trace:
#0 D:\OSPanel\domains\cosmedic\wp-includes\class-wp-hook.php(287): filters_ajax('')
#1 D:\OSPanel\domains\cosmedic\wp-includes\class-wp-hook.php(311): WP_Hook->apply_filters('', Array)
#2 D:\OSPanel\domains\cosmedic\wp-includes\plugin.php(478): WP_Hook->do_action(Array)
#3 D:\OSPanel\domains\cosmedic\wp-admin\admin-ajax.php(191): do_action('wp_ajax_nopriv_...')
#4 {main}
  thrown in D:\OSPanel\domains\cosmedic\wp-content\themes\cosmedoc\lib\woo-customizations\woo-filters.php on line 38

2020-10-14T21:55:07+00:00 CRITICAL Uncaught Error: Call to a member function get_stock_quantity() on null in D:\OSPanel\domains\cosmedic\wp-content\themes\cosmedoc\lib\woo-customizations\woo-filters.php:38
Stack trace:
#0 D:\OSPanel\domains\cosmedic\wp-includes\class-wp-hook.php(287): filters_ajax('')
#1 D:\OSPanel\domains\cosmedic\wp-includes\class-wp-hook.php(311): WP_Hook->apply_filters('', Array)
#2 D:\OSPanel\domains\cosmedic\wp-includes\plugin.php(478): WP_Hook->do_action(Array)
#3 D:\OSPanel\domains\cosmedic\wp-admin\admin-ajax.php(191): do_action('wp_ajax_nopriv_...')
#4 {main}
  thrown in D:\OSPanel\domains\cosmedic\wp-content\themes\cosmedoc\lib\woo-customizations\woo-filters.php on line 38

2020-10-14T21:56:23+00:00 CRITICAL syntax error, unexpected 'if' (T_IF), expecting ',' or ';' in D:\OSPanel\domains\cosmedic\wp-content\themes\cosmedoc\lib\woo-customizations\woo-filters.php on line 36

2020-10-14T21:56:23+00:00 CRITICAL syntax error, unexpected 'if' (T_IF), expecting ',' or ';' in D:\OSPanel\domains\cosmedic\wp-content\themes\cosmedoc\lib\woo-customizations\woo-filters.php on line 36

2020-10-14T21:56:23+00:00 CRITICAL syntax error, unexpected 'if' (T_IF), expecting ',' or ';' in D:\OSPanel\domains\cosmedic\wp-content\themes\cosmedoc\lib\woo-customizations\woo-filters.php on line 36

2020-10-14T21:56:23+00:00 CRITICAL syntax error, unexpected 'if' (T_IF), expecting ',' or ';' in D:\OSPanel\domains\cosmedic\wp-content\themes\cosmedoc\lib\woo-customizations\woo-filters.php on line 36

2020-10-14T21:56:32+00:00 CRITICAL syntax error, unexpected 'if' (T_IF), expecting ',' or ';' in D:\OSPanel\domains\cosmedic\wp-content\themes\cosmedoc\lib\woo-customizations\woo-filters.php on line 36

2020-10-14T21:56:32+00:00 CRITICAL syntax error, unexpected 'if' (T_IF), expecting ',' or ';' in D:\OSPanel\domains\cosmedic\wp-content\themes\cosmedoc\lib\woo-customizations\woo-filters.php on line 36

2020-10-14T21:56:32+00:00 CRITICAL syntax error, unexpected 'if' (T_IF), expecting ',' or ';' in D:\OSPanel\domains\cosmedic\wp-content\themes\cosmedoc\lib\woo-customizations\woo-filters.php on line 36

2020-10-14T21:56:33+00:00 CRITICAL syntax error, unexpected 'if' (T_IF), expecting ',' or ';' in D:\OSPanel\domains\cosmedic\wp-content\themes\cosmedoc\lib\woo-customizations\woo-filters.php on line 36

2020-10-14T21:56:33+00:00 CRITICAL syntax error, unexpected 'if' (T_IF), expecting ',' or ';' in D:\OSPanel\domains\cosmedic\wp-content\themes\cosmedoc\lib\woo-customizations\woo-filters.php on line 36

2020-10-14T21:56:34+00:00 CRITICAL syntax error, unexpected 'if' (T_IF), expecting ',' or ';' in D:\OSPanel\domains\cosmedic\wp-content\themes\cosmedoc\lib\woo-customizations\woo-filters.php on line 36

2020-10-14T21:56:34+00:00 CRITICAL syntax error, unexpected 'if' (T_IF), expecting ',' or ';' in D:\OSPanel\domains\cosmedic\wp-content\themes\cosmedoc\lib\woo-customizations\woo-filters.php on line 36

2020-10-14T21:56:34+00:00 CRITICAL syntax error, unexpected 'if' (T_IF), expecting ',' or ';' in D:\OSPanel\domains\cosmedic\wp-content\themes\cosmedoc\lib\woo-customizations\woo-filters.php on line 36

2020-10-14T21:56:34+00:00 CRITICAL syntax error, unexpected 'if' (T_IF), expecting ',' or ';' in D:\OSPanel\domains\cosmedic\wp-content\themes\cosmedoc\lib\woo-customizations\woo-filters.php on line 36

2020-10-14T21:56:35+00:00 CRITICAL syntax error, unexpected 'if' (T_IF), expecting ',' or ';' in D:\OSPanel\domains\cosmedic\wp-content\themes\cosmedoc\lib\woo-customizations\woo-filters.php on line 36

2020-10-14T21:56:35+00:00 CRITICAL syntax error, unexpected 'if' (T_IF), expecting ',' or ';' in D:\OSPanel\domains\cosmedic\wp-content\themes\cosmedoc\lib\woo-customizations\woo-filters.php on line 36

2020-10-14T21:56:36+00:00 CRITICAL syntax error, unexpected 'if' (T_IF), expecting ',' or ';' in D:\OSPanel\domains\cosmedic\wp-content\themes\cosmedoc\lib\woo-customizations\woo-filters.php on line 36

2020-10-14T21:56:50+00:00 CRITICAL Uncaught Error: Call to a member function is_in_stock() on null in D:\OSPanel\domains\cosmedic\wp-content\themes\cosmedoc\lib\woo-customizations\woo-filters.php:38
Stack trace:
#0 D:\OSPanel\domains\cosmedic\wp-includes\class-wp-hook.php(287): filters_ajax('')
#1 D:\OSPanel\domains\cosmedic\wp-includes\class-wp-hook.php(311): WP_Hook->apply_filters('', Array)
#2 D:\OSPanel\domains\cosmedic\wp-includes\plugin.php(478): WP_Hook->do_action(Array)
#3 D:\OSPanel\domains\cosmedic\wp-admin\admin-ajax.php(191): do_action('wp_ajax_nopriv_...')
#4 {main}
  thrown in D:\OSPanel\domains\cosmedic\wp-content\themes\cosmedoc\lib\woo-customizations\woo-filters.php on line 38

2020-10-14T21:59:42+00:00 CRITICAL Uncaught Error: Call to a member function get_stock_quantity() on null in D:\OSPanel\domains\cosmedic\wp-content\themes\cosmedoc\lib\woo-customizations\woo-filters.php:38
Stack trace:
#0 D:\OSPanel\domains\cosmedic\wp-includes\class-wp-hook.php(287): filters_ajax('')
#1 D:\OSPanel\domains\cosmedic\wp-includes\class-wp-hook.php(311): WP_Hook->apply_filters('', Array)
#2 D:\OSPanel\domains\cosmedic\wp-includes\plugin.php(478): WP_Hook->do_action(Array)
#3 D:\OSPanel\domains\cosmedic\wp-admin\admin-ajax.php(191): do_action('wp_ajax_nopriv_...')
#4 {main}
  thrown in D:\OSPanel\domains\cosmedic\wp-content\themes\cosmedoc\lib\woo-customizations\woo-filters.php on line 38

2020-10-14T22:00:07+00:00 CRITICAL Uncaught Error: Call to a member function get_stock_quantity() on null in D:\OSPanel\domains\cosmedic\wp-content\themes\cosmedoc\lib\woo-customizations\woo-filters.php:38
Stack trace:
#0 D:\OSPanel\domains\cosmedic\wp-includes\class-wp-hook.php(287): filters_ajax('')
#1 D:\OSPanel\domains\cosmedic\wp-includes\class-wp-hook.php(311): WP_Hook->apply_filters('', Array)
#2 D:\OSPanel\domains\cosmedic\wp-includes\plugin.php(478): WP_Hook->do_action(Array)
#3 D:\OSPanel\domains\cosmedic\wp-admin\admin-ajax.php(191): do_action('wp_ajax_nopriv_...')
#4 {main}
  thrown in D:\OSPanel\domains\cosmedic\wp-content\themes\cosmedoc\lib\woo-customizations\woo-filters.php on line 38

