2020-09-27T10:44:47+00:00 CRITICAL syntax error, unexpected ''full'' (T_CONSTANT_ENCAPSED_STRING), expecting ')' in C:\OSPanel\domains\localhost\cosmedoc\wp-content\themes\cosmedoc\header.php on line 99

2020-09-27T10:44:48+00:00 CRITICAL syntax error, unexpected ''full'' (T_CONSTANT_ENCAPSED_STRING), expecting ')' in C:\OSPanel\domains\localhost\cosmedoc\wp-content\themes\cosmedoc\header.php on line 99

2020-09-27T10:47:53+00:00 CRITICAL syntax error, unexpected 'endif' (T_ENDIF), expecting end of file in C:\OSPanel\domains\localhost\cosmedoc\wp-content\themes\cosmedoc\header.php on line 107

2020-09-27T10:47:55+00:00 CRITICAL syntax error, unexpected 'endif' (T_ENDIF), expecting end of file in C:\OSPanel\domains\localhost\cosmedoc\wp-content\themes\cosmedoc\header.php on line 107

2020-09-27T10:47:56+00:00 CRITICAL syntax error, unexpected 'endif' (T_ENDIF), expecting end of file in C:\OSPanel\domains\localhost\cosmedoc\wp-content\themes\cosmedoc\header.php on line 107

2020-09-27T10:47:56+00:00 CRITICAL syntax error, unexpected 'endif' (T_ENDIF), expecting end of file in C:\OSPanel\domains\localhost\cosmedoc\wp-content\themes\cosmedoc\header.php on line 107

2020-09-27T10:47:57+00:00 CRITICAL syntax error, unexpected 'endif' (T_ENDIF), expecting end of file in C:\OSPanel\domains\localhost\cosmedoc\wp-content\themes\cosmedoc\header.php on line 107

2020-09-27T10:48:00+00:00 CRITICAL syntax error, unexpected 'endif' (T_ENDIF), expecting end of file in C:\OSPanel\domains\localhost\cosmedoc\wp-content\themes\cosmedoc\header.php on line 107

2020-09-27T11:41:37+00:00 CRITICAL syntax error, unexpected '<' in C:\OSPanel\domains\localhost\cosmedoc\wp-content\themes\cosmedoc\header.php on line 117

2020-09-27T11:41:38+00:00 CRITICAL syntax error, unexpected '<' in C:\OSPanel\domains\localhost\cosmedoc\wp-content\themes\cosmedoc\header.php on line 117

2020-09-27T11:41:38+00:00 CRITICAL syntax error, unexpected '<' in C:\OSPanel\domains\localhost\cosmedoc\wp-content\themes\cosmedoc\header.php on line 117

2020-09-27T11:41:39+00:00 CRITICAL syntax error, unexpected '<' in C:\OSPanel\domains\localhost\cosmedoc\wp-content\themes\cosmedoc\header.php on line 117

2020-09-27T11:41:40+00:00 CRITICAL syntax error, unexpected '<' in C:\OSPanel\domains\localhost\cosmedoc\wp-content\themes\cosmedoc\header.php on line 117

2020-09-27T11:41:46+00:00 CRITICAL syntax error, unexpected '<' in C:\OSPanel\domains\localhost\cosmedoc\wp-content\themes\cosmedoc\header.php on line 117

2020-09-27T11:41:59+00:00 CRITICAL syntax error, unexpected '<' in C:\OSPanel\domains\localhost\cosmedoc\wp-content\themes\cosmedoc\header.php on line 117

2020-09-27T11:41:59+00:00 CRITICAL syntax error, unexpected '<' in C:\OSPanel\domains\localhost\cosmedoc\wp-content\themes\cosmedoc\header.php on line 117

2020-09-27T11:42:00+00:00 CRITICAL syntax error, unexpected '<' in C:\OSPanel\domains\localhost\cosmedoc\wp-content\themes\cosmedoc\header.php on line 117

2020-09-27T11:42:06+00:00 CRITICAL syntax error, unexpected '<' in C:\OSPanel\domains\localhost\cosmedoc\wp-content\themes\cosmedoc\header.php on line 117

2020-09-27T11:42:52+00:00 CRITICAL Uncaught ArgumentCountError: Too few arguments to function __(), 0 passed in C:\OSPanel\domains\localhost\cosmedoc\wp-content\themes\cosmedoc\header.php on line 117 and at least 1 expected in C:\OSPanel\domains\localhost\cosmedoc\wp-includes\l10n.php:288
Stack trace:
#0 C:\OSPanel\domains\localhost\cosmedoc\wp-content\themes\cosmedoc\header.php(117): __()
#1 C:\OSPanel\domains\localhost\cosmedoc\wp-includes\template.php(730): require_once('C:\\OSPanel\\doma...')
#2 C:\OSPanel\domains\localhost\cosmedoc\wp-includes\template.php(676): load_template('C:\\OSPanel\\doma...', true, Array)
#3 C:\OSPanel\domains\localhost\cosmedoc\wp-includes\general-template.php(48): locate_template(Array, true, true, Array)
#4 C:\OSPanel\domains\localhost\cosmedoc\wp-content\themes\cosmedoc\front-page.php(1): get_header()
#5 C:\OSPanel\domains\localhost\cosmedoc\wp-includes\template-loader.php(106): include('C:\\OSPanel\\doma...')
#6 C:\OSPanel\domains\localhost\cosmedoc\wp-blog-header.php(19): require_once('C:\\OSPanel\\doma...')
 in C:\OSPanel\domains\localhost\cosmedoc\wp-includes\l10n.php on line 288

2020-09-27T11:43:03+00:00 CRITICAL Uncaught ArgumentCountError: Too few arguments to function __(), 0 passed in C:\OSPanel\domains\localhost\cosmedoc\wp-content\themes\cosmedoc\header.php on line 117 and at least 1 expected in C:\OSPanel\domains\localhost\cosmedoc\wp-includes\l10n.php:288
Stack trace:
#0 C:\OSPanel\domains\localhost\cosmedoc\wp-content\themes\cosmedoc\header.php(117): __()
#1 C:\OSPanel\domains\localhost\cosmedoc\wp-includes\template.php(730): require_once('C:\\OSPanel\\doma...')
#2 C:\OSPanel\domains\localhost\cosmedoc\wp-includes\template.php(676): load_template('C:\\OSPanel\\doma...', true, Array)
#3 C:\OSPanel\domains\localhost\cosmedoc\wp-includes\general-template.php(48): locate_template(Array, true, true, Array)
#4 C:\OSPanel\domains\localhost\cosmedoc\wp-content\themes\cosmedoc\404.php(9): get_header()
#5 C:\OSPanel\domains\localhost\cosmedoc\wp-includes\template-loader.php(106): include('C:\\OSPanel\\doma...')
#6 C:\OSPanel\domains\localhost\cosmedoc\wp-blog-header.php(19): require_once('C:\\OSPanel\\doma...')
#7 C:\O in C:\OSPanel\domains\localhost\cosmedoc\wp-includes\l10n.php on line 288

2020-09-27T11:43:03+00:00 CRITICAL Uncaught ArgumentCountError: Too few arguments to function __(), 0 passed in C:\OSPanel\domains\localhost\cosmedoc\wp-content\themes\cosmedoc\header.php on line 117 and at least 1 expected in C:\OSPanel\domains\localhost\cosmedoc\wp-includes\l10n.php:288
Stack trace:
#0 C:\OSPanel\domains\localhost\cosmedoc\wp-content\themes\cosmedoc\header.php(117): __()
#1 C:\OSPanel\domains\localhost\cosmedoc\wp-includes\template.php(730): require_once('C:\\OSPanel\\doma...')
#2 C:\OSPanel\domains\localhost\cosmedoc\wp-includes\template.php(676): load_template('C:\\OSPanel\\doma...', true, Array)
#3 C:\OSPanel\domains\localhost\cosmedoc\wp-includes\general-template.php(48): locate_template(Array, true, true, Array)
#4 C:\OSPanel\domains\localhost\cosmedoc\wp-content\themes\cosmedoc\404.php(9): get_header()
#5 C:\OSPanel\domains\localhost\cosmedoc\wp-includes\template-loader.php(106): include('C:\\OSPanel\\doma...')
#6 C:\OSPanel\domains\localhost\cosmedoc\wp-blog-header.php(19): require_once('C:\\OSPanel\\doma...')
#7 C:\O in C:\OSPanel\domains\localhost\cosmedoc\wp-includes\l10n.php on line 288

2020-09-27T11:43:03+00:00 CRITICAL Uncaught ArgumentCountError: Too few arguments to function __(), 0 passed in C:\OSPanel\domains\localhost\cosmedoc\wp-content\themes\cosmedoc\header.php on line 117 and at least 1 expected in C:\OSPanel\domains\localhost\cosmedoc\wp-includes\l10n.php:288
Stack trace:
#0 C:\OSPanel\domains\localhost\cosmedoc\wp-content\themes\cosmedoc\header.php(117): __()
#1 C:\OSPanel\domains\localhost\cosmedoc\wp-includes\template.php(730): require_once('C:\\OSPanel\\doma...')
#2 C:\OSPanel\domains\localhost\cosmedoc\wp-includes\template.php(676): load_template('C:\\OSPanel\\doma...', true, Array)
#3 C:\OSPanel\domains\localhost\cosmedoc\wp-includes\general-template.php(48): locate_template(Array, true, true, Array)
#4 C:\OSPanel\domains\localhost\cosmedoc\wp-content\themes\cosmedoc\404.php(9): get_header()
#5 C:\OSPanel\domains\localhost\cosmedoc\wp-includes\template-loader.php(106): include('C:\\OSPanel\\doma...')
#6 C:\OSPanel\domains\localhost\cosmedoc\wp-blog-header.php(19): require_once('C:\\OSPanel\\doma...')
#7 C:\O in C:\OSPanel\domains\localhost\cosmedoc\wp-includes\l10n.php on line 288

2020-09-27T11:43:08+00:00 CRITICAL Uncaught ArgumentCountError: Too few arguments to function __(), 0 passed in C:\OSPanel\domains\localhost\cosmedoc\wp-content\themes\cosmedoc\header.php on line 117 and at least 1 expected in C:\OSPanel\domains\localhost\cosmedoc\wp-includes\l10n.php:288
Stack trace:
#0 C:\OSPanel\domains\localhost\cosmedoc\wp-content\themes\cosmedoc\header.php(117): __()
#1 C:\OSPanel\domains\localhost\cosmedoc\wp-includes\template.php(730): require_once('C:\\OSPanel\\doma...')
#2 C:\OSPanel\domains\localhost\cosmedoc\wp-includes\template.php(676): load_template('C:\\OSPanel\\doma...', true, Array)
#3 C:\OSPanel\domains\localhost\cosmedoc\wp-includes\general-template.php(48): locate_template(Array, true, true, Array)
#4 C:\OSPanel\domains\localhost\cosmedoc\wp-content\themes\cosmedoc\404.php(9): get_header()
#5 C:\OSPanel\domains\localhost\cosmedoc\wp-includes\template-loader.php(106): include('C:\\OSPanel\\doma...')
#6 C:\OSPanel\domains\localhost\cosmedoc\wp-blog-header.php(19): require_once('C:\\OSPanel\\doma...')
#7 C:\O in C:\OSPanel\domains\localhost\cosmedoc\wp-includes\l10n.php on line 288

