2020-10-26T14:30:39+00:00 CRITICAL Uncaught Error: Call to a member function get_id() on null in C:\OSPanel\domains\localhost\cosmedoc\wp-content\themes\cosmedoc\woocommerce\global\quantity-input.php:32
Stack trace:
#0 C:\OSPanel\domains\localhost\cosmedoc\wp-content\plugins\woocommerce\includes\wc-core-functions.php(344): include()
#1 C:\OSPanel\domains\localhost\cosmedoc\wp-content\plugins\woocommerce\includes\wc-template-functions.php(1740): wc_get_template('global/quantity...', Array)
#2 C:\OSPanel\domains\localhost\cosmedoc\wp-content\themes\cosmedoc\woocommerce\cart\cart.php(117): woocommerce_quantity_input(Array, Object(WC_Product_Simple), false)
#3 C:\OSPanel\domains\localhost\cosmedoc\wp-content\plugins\woocommerce\includes\wc-core-functions.php(344): include('C:\\OSPanel\\doma...')
#4 C:\OSPanel\domains\localhost\cosmedoc\wp-content\plugins\woocommerce\includes\shortcodes\class-wc-shortcode-cart.php(99): wc_get_template('cart/cart.php')
#5 C:\OSPanel\domains\localhost\cosmedoc\wp-content\plugins\woocommerce\includes\class-wc-shortcod in C:\OSPanel\domains\localhost\cosmedoc\wp-content\themes\cosmedoc\woocommerce\global\quantity-input.php on line 32

2020-10-26T14:30:40+00:00 CRITICAL Uncaught Error: Call to a member function get_id() on null in C:\OSPanel\domains\localhost\cosmedoc\wp-content\themes\cosmedoc\woocommerce\global\quantity-input.php:32
Stack trace:
#0 C:\OSPanel\domains\localhost\cosmedoc\wp-content\plugins\woocommerce\includes\wc-core-functions.php(344): include()
#1 C:\OSPanel\domains\localhost\cosmedoc\wp-content\plugins\woocommerce\includes\wc-template-functions.php(1740): wc_get_template('global/quantity...', Array)
#2 C:\OSPanel\domains\localhost\cosmedoc\wp-content\themes\cosmedoc\woocommerce\cart\mini-cart.php(79): woocommerce_quantity_input(Array, Object(WC_Product_Simple), false)
#3 C:\OSPanel\domains\localhost\cosmedoc\wp-content\plugins\woocommerce\includes\wc-core-functions.php(344): include('C:\\OSPanel\\doma...')
#4 C:\OSPanel\domains\localhost\cosmedoc\wp-content\plugins\woocommerce\includes\wc-template-functions.php(2164): wc_get_template('cart/mini-cart....', Array)
#5 C:\OSPanel\domains\localhost\cosmedoc\wp-content\themes\cosmedoc\header.php(72): woocommer in C:\OSPanel\domains\localhost\cosmedoc\wp-content\themes\cosmedoc\woocommerce\global\quantity-input.php on line 32

2020-10-26T14:58:36+00:00 CRITICAL Uncaught Error: Call to undefined method WC_Product_Simple::set_quantity() in C:\OSPanel\domains\localhost\cosmedoc\wp-content\themes\cosmedoc\lib\woo-customizations\woo-cart.php:62
Stack trace:
#0 C:\OSPanel\domains\localhost\cosmedoc\wp-includes\class-wp-hook.php(287): add_gift_product('')
#1 C:\OSPanel\domains\localhost\cosmedoc\wp-includes\class-wp-hook.php(311): WP_Hook->apply_filters('', Array)
#2 C:\OSPanel\domains\localhost\cosmedoc\wp-includes\plugin.php(478): WP_Hook->do_action(Array)
#3 C:\OSPanel\domains\localhost\cosmedoc\wp-admin\admin-ajax.php(176): do_action('wp_ajax_add_gif...')
#4 {main}
  thrown in C:\OSPanel\domains\localhost\cosmedoc\wp-content\themes\cosmedoc\lib\woo-customizations\woo-cart.php on line 62

2020-10-26T14:58:36+00:00 CRITICAL Uncaught Error: Call to undefined method WC_Product_Simple::set_quantity() in C:\OSPanel\domains\localhost\cosmedoc\wp-content\themes\cosmedoc\lib\woo-customizations\woo-cart.php:62
Stack trace:
#0 C:\OSPanel\domains\localhost\cosmedoc\wp-includes\class-wp-hook.php(287): add_gift_product('')
#1 C:\OSPanel\domains\localhost\cosmedoc\wp-includes\class-wp-hook.php(311): WP_Hook->apply_filters('', Array)
#2 C:\OSPanel\domains\localhost\cosmedoc\wp-includes\plugin.php(478): WP_Hook->do_action(Array)
#3 C:\OSPanel\domains\localhost\cosmedoc\wp-admin\admin-ajax.php(176): do_action('wp_ajax_add_gif...')
#4 {main}
  thrown in C:\OSPanel\domains\localhost\cosmedoc\wp-content\themes\cosmedoc\lib\woo-customizations\woo-cart.php on line 62

2020-10-26T14:58:39+00:00 CRITICAL Uncaught Error: Call to undefined method WC_Product_Simple::set_quantity() in C:\OSPanel\domains\localhost\cosmedoc\wp-content\themes\cosmedoc\lib\woo-customizations\woo-cart.php:62
Stack trace:
#0 C:\OSPanel\domains\localhost\cosmedoc\wp-includes\class-wp-hook.php(287): add_gift_product('')
#1 C:\OSPanel\domains\localhost\cosmedoc\wp-includes\class-wp-hook.php(311): WP_Hook->apply_filters('', Array)
#2 C:\OSPanel\domains\localhost\cosmedoc\wp-includes\plugin.php(478): WP_Hook->do_action(Array)
#3 C:\OSPanel\domains\localhost\cosmedoc\wp-admin\admin-ajax.php(176): do_action('wp_ajax_add_gif...')
#4 {main}
  thrown in C:\OSPanel\domains\localhost\cosmedoc\wp-content\themes\cosmedoc\lib\woo-customizations\woo-cart.php on line 62

2020-10-26T14:58:39+00:00 CRITICAL Uncaught Error: Call to undefined method WC_Product_Simple::set_quantity() in C:\OSPanel\domains\localhost\cosmedoc\wp-content\themes\cosmedoc\lib\woo-customizations\woo-cart.php:62
Stack trace:
#0 C:\OSPanel\domains\localhost\cosmedoc\wp-includes\class-wp-hook.php(287): add_gift_product('')
#1 C:\OSPanel\domains\localhost\cosmedoc\wp-includes\class-wp-hook.php(311): WP_Hook->apply_filters('', Array)
#2 C:\OSPanel\domains\localhost\cosmedoc\wp-includes\plugin.php(478): WP_Hook->do_action(Array)
#3 C:\OSPanel\domains\localhost\cosmedoc\wp-admin\admin-ajax.php(176): do_action('wp_ajax_add_gif...')
#4 {main}
  thrown in C:\OSPanel\domains\localhost\cosmedoc\wp-content\themes\cosmedoc\lib\woo-customizations\woo-cart.php on line 62

2020-10-26T14:59:48+00:00 CRITICAL Uncaught Error: Call to undefined method WC_Product_Simple::set_quantity() in C:\OSPanel\domains\localhost\cosmedoc\wp-content\themes\cosmedoc\lib\woo-customizations\woo-cart.php:62
Stack trace:
#0 C:\OSPanel\domains\localhost\cosmedoc\wp-includes\class-wp-hook.php(287): add_gift_product('')
#1 C:\OSPanel\domains\localhost\cosmedoc\wp-includes\class-wp-hook.php(311): WP_Hook->apply_filters('', Array)
#2 C:\OSPanel\domains\localhost\cosmedoc\wp-includes\plugin.php(478): WP_Hook->do_action(Array)
#3 C:\OSPanel\domains\localhost\cosmedoc\wp-admin\admin-ajax.php(176): do_action('wp_ajax_add_gif...')
#4 {main}
  thrown in C:\OSPanel\domains\localhost\cosmedoc\wp-content\themes\cosmedoc\lib\woo-customizations\woo-cart.php on line 62

2020-10-26T14:59:48+00:00 CRITICAL Uncaught Error: Call to undefined method WC_Product_Simple::set_quantity() in C:\OSPanel\domains\localhost\cosmedoc\wp-content\themes\cosmedoc\lib\woo-customizations\woo-cart.php:62
Stack trace:
#0 C:\OSPanel\domains\localhost\cosmedoc\wp-includes\class-wp-hook.php(287): add_gift_product('')
#1 C:\OSPanel\domains\localhost\cosmedoc\wp-includes\class-wp-hook.php(311): WP_Hook->apply_filters('', Array)
#2 C:\OSPanel\domains\localhost\cosmedoc\wp-includes\plugin.php(478): WP_Hook->do_action(Array)
#3 C:\OSPanel\domains\localhost\cosmedoc\wp-admin\admin-ajax.php(176): do_action('wp_ajax_add_gif...')
#4 {main}
  thrown in C:\OSPanel\domains\localhost\cosmedoc\wp-content\themes\cosmedoc\lib\woo-customizations\woo-cart.php on line 62

2020-10-26T15:15:31+00:00 CRITICAL syntax error, unexpected 'return' (T_RETURN) in C:\OSPanel\domains\localhost\cosmedoc\wp-content\themes\cosmedoc\lib\woo-customizations\woo-cart.php on line 30

2020-10-26T15:15:31+00:00 CRITICAL syntax error, unexpected 'return' (T_RETURN) in C:\OSPanel\domains\localhost\cosmedoc\wp-content\themes\cosmedoc\lib\woo-customizations\woo-cart.php on line 30

2020-10-26T15:15:31+00:00 CRITICAL syntax error, unexpected 'return' (T_RETURN) in C:\OSPanel\domains\localhost\cosmedoc\wp-content\themes\cosmedoc\lib\woo-customizations\woo-cart.php on line 30

2020-10-26T15:20:35+00:00 CRITICAL Uncaught Error: Call to a member function set_price() on array in C:\OSPanel\domains\localhost\cosmedoc\wp-content\themes\cosmedoc\lib\woo-customizations\woo-cart.php:30
Stack trace:
#0 C:\OSPanel\domains\localhost\cosmedoc\wp-includes\class-wp-hook.php(287): free_cart_item(Array, 22, 0, 1)
#1 C:\OSPanel\domains\localhost\cosmedoc\wp-includes\plugin.php(206): WP_Hook->apply_filters(Array, Array)
#2 C:\OSPanel\domains\localhost\cosmedoc\wp-content\plugins\woocommerce\includes\class-wc-cart.php(1122): apply_filters('woocommerce_add...', Array, 22, 0, 1)
#3 C:\OSPanel\domains\localhost\cosmedoc\wp-content\themes\cosmedoc\lib\woo-customizations\woo-cart.php(57): WC_Cart->add_to_cart(22)
#4 C:\OSPanel\domains\localhost\cosmedoc\wp-includes\class-wp-hook.php(287): add_gift_product('')
#5 C:\OSPanel\domains\localhost\cosmedoc\wp-includes\class-wp-hook.php(311): WP_Hook->apply_filters('', Array)
#6 C:\OSPanel\domains\localhost\cosmedoc\wp-includes\plugin.php(478): WP_Hook->do_action(Array)
#7 C:\OSPanel\domains\local in C:\OSPanel\domains\localhost\cosmedoc\wp-content\themes\cosmedoc\lib\woo-customizations\woo-cart.php on line 30

2020-10-26T15:20:35+00:00 CRITICAL Uncaught Error: Call to a member function set_price() on array in C:\OSPanel\domains\localhost\cosmedoc\wp-content\themes\cosmedoc\lib\woo-customizations\woo-cart.php:30
Stack trace:
#0 C:\OSPanel\domains\localhost\cosmedoc\wp-includes\class-wp-hook.php(287): free_cart_item(Array, 22, 0, 1)
#1 C:\OSPanel\domains\localhost\cosmedoc\wp-includes\plugin.php(206): WP_Hook->apply_filters(Array, Array)
#2 C:\OSPanel\domains\localhost\cosmedoc\wp-content\plugins\woocommerce\includes\class-wc-cart.php(1122): apply_filters('woocommerce_add...', Array, 22, 0, 1)
#3 C:\OSPanel\domains\localhost\cosmedoc\wp-content\themes\cosmedoc\lib\woo-customizations\woo-cart.php(57): WC_Cart->add_to_cart(22)
#4 C:\OSPanel\domains\localhost\cosmedoc\wp-includes\class-wp-hook.php(287): add_gift_product('')
#5 C:\OSPanel\domains\localhost\cosmedoc\wp-includes\class-wp-hook.php(311): WP_Hook->apply_filters('', Array)
#6 C:\OSPanel\domains\localhost\cosmedoc\wp-includes\plugin.php(478): WP_Hook->do_action(Array)
#7 C:\OSPanel\domains\local in C:\OSPanel\domains\localhost\cosmedoc\wp-content\themes\cosmedoc\lib\woo-customizations\woo-cart.php on line 30

2020-10-26T15:20:52+00:00 CRITICAL Uncaught Error: Call to a member function set_price() on array in C:\OSPanel\domains\localhost\cosmedoc\wp-content\themes\cosmedoc\lib\woo-customizations\woo-cart.php:30
Stack trace:
#0 C:\OSPanel\domains\localhost\cosmedoc\wp-includes\class-wp-hook.php(287): free_cart_item(Array, 22, 0, 1)
#1 C:\OSPanel\domains\localhost\cosmedoc\wp-includes\plugin.php(206): WP_Hook->apply_filters(Array, Array)
#2 C:\OSPanel\domains\localhost\cosmedoc\wp-content\plugins\woocommerce\includes\class-wc-cart.php(1122): apply_filters('woocommerce_add...', Array, 22, 0, 1)
#3 C:\OSPanel\domains\localhost\cosmedoc\wp-content\themes\cosmedoc\lib\woo-customizations\woo-cart.php(57): WC_Cart->add_to_cart(22)
#4 C:\OSPanel\domains\localhost\cosmedoc\wp-includes\class-wp-hook.php(287): add_gift_product('')
#5 C:\OSPanel\domains\localhost\cosmedoc\wp-includes\class-wp-hook.php(311): WP_Hook->apply_filters('', Array)
#6 C:\OSPanel\domains\localhost\cosmedoc\wp-includes\plugin.php(478): WP_Hook->do_action(Array)
#7 C:\OSPanel\domains\local in C:\OSPanel\domains\localhost\cosmedoc\wp-content\themes\cosmedoc\lib\woo-customizations\woo-cart.php on line 30

2020-10-26T15:20:52+00:00 CRITICAL Uncaught Error: Call to a member function set_price() on array in C:\OSPanel\domains\localhost\cosmedoc\wp-content\themes\cosmedoc\lib\woo-customizations\woo-cart.php:30
Stack trace:
#0 C:\OSPanel\domains\localhost\cosmedoc\wp-includes\class-wp-hook.php(287): free_cart_item(Array, 22, 0, 1)
#1 C:\OSPanel\domains\localhost\cosmedoc\wp-includes\plugin.php(206): WP_Hook->apply_filters(Array, Array)
#2 C:\OSPanel\domains\localhost\cosmedoc\wp-content\plugins\woocommerce\includes\class-wc-cart.php(1122): apply_filters('woocommerce_add...', Array, 22, 0, 1)
#3 C:\OSPanel\domains\localhost\cosmedoc\wp-content\themes\cosmedoc\lib\woo-customizations\woo-cart.php(57): WC_Cart->add_to_cart(22)
#4 C:\OSPanel\domains\localhost\cosmedoc\wp-includes\class-wp-hook.php(287): add_gift_product('')
#5 C:\OSPanel\domains\localhost\cosmedoc\wp-includes\class-wp-hook.php(311): WP_Hook->apply_filters('', Array)
#6 C:\OSPanel\domains\localhost\cosmedoc\wp-includes\plugin.php(478): WP_Hook->do_action(Array)
#7 C:\OSPanel\domains\local in C:\OSPanel\domains\localhost\cosmedoc\wp-content\themes\cosmedoc\lib\woo-customizations\woo-cart.php on line 30

2020-10-26T15:37:52+00:00 CRITICAL syntax error, unexpected 'WC' (T_STRING) in C:\OSPanel\domains\localhost\cosmedoc\wp-content\themes\cosmedoc\lib\woo-customizations\woo-cart.php on line 48

2020-10-26T15:37:53+00:00 CRITICAL syntax error, unexpected 'WC' (T_STRING) in C:\OSPanel\domains\localhost\cosmedoc\wp-content\themes\cosmedoc\lib\woo-customizations\woo-cart.php on line 48

2020-10-26T15:44:02+00:00 CRITICAL Uncaught Error: Cannot use object of type WC_Product_Simple as array in C:\OSPanel\domains\localhost\cosmedoc\wp-content\themes\cosmedoc\lib\woo-customizations\woo-cart.php:19
Stack trace:
#0 C:\OSPanel\domains\localhost\cosmedoc\wp-includes\class-wp-hook.php(287): custom_woocommerce_before_calculate_totals(Object(WC_Cart))
#1 C:\OSPanel\domains\localhost\cosmedoc\wp-includes\class-wp-hook.php(311): WP_Hook->apply_filters('', Array)
#2 C:\OSPanel\domains\localhost\cosmedoc\wp-includes\plugin.php(478): WP_Hook->do_action(Array)
#3 C:\OSPanel\domains\localhost\cosmedoc\wp-content\plugins\woocommerce\includes\class-wc-cart.php(1365): do_action('woocommerce_bef...', Object(WC_Cart))
#4 C:\OSPanel\domains\localhost\cosmedoc\wp-content\plugins\woocommerce\includes\shortcodes\class-wc-shortcode-cart.php(94): WC_Cart->calculate_totals()
#5 C:\OSPanel\domains\localhost\cosmedoc\wp-content\plugins\woocommerce\includes\class-wc-shortcodes.php(72): WC_Shortcode_Cart::output(Array)
#6 C:\OSPanel\domains\localhost\cosmedoc in C:\OSPanel\domains\localhost\cosmedoc\wp-content\themes\cosmedoc\lib\woo-customizations\woo-cart.php on line 19

2020-10-26T15:54:29+00:00 CRITICAL syntax error, unexpected '<' in C:\OSPanel\domains\localhost\cosmedoc\wp-content\themes\cosmedoc\woocommerce\cart\mini-cart.php on line 69

2020-10-26T17:31:17+00:00 CRITICAL Uncaught Error: Call to a member function get_cart() on null in C:\OSPanel\domains\localhost\cosmedoc\wp-content\themes\cosmedoc\lib\woo-customizations\woo-cart.php:66
Stack trace:
#0 C:\OSPanel\domains\localhost\cosmedoc\wp-content\themes\cosmedoc\functions.php(48): require_once()
#1 C:\OSPanel\domains\localhost\cosmedoc\wp-settings.php(514): include('C:\\OSPanel\\doma...')
#2 C:\OSPanel\domains\localhost\cosmedoc\wp-config.php(29): require_once('C:\\OSPanel\\doma...')
#3 C:\OSPanel\domains\localhost\cosmedoc\wp-load.php(37): require_once('C:\\OSPanel\\doma...')
#4 C:\OSPanel\domains\localhost\cosmedoc\wp-blog-header.php(13): require_once('C:\\OSPanel\\doma...')
#5 C:\OSPanel\domains\localhost\cosmedoc\index.php(17): require('C:\\OSPanel\\doma...')
#6 {main}
  thrown in C:\OSPanel\domains\localhost\cosmedoc\wp-content\themes\cosmedoc\lib\woo-customizations\woo-cart.php on line 66

2020-10-26T17:31:17+00:00 CRITICAL Uncaught Error: Call to a member function get_cart() on null in C:\OSPanel\domains\localhost\cosmedoc\wp-content\themes\cosmedoc\lib\woo-customizations\woo-cart.php:66
Stack trace:
#0 C:\OSPanel\domains\localhost\cosmedoc\wp-content\themes\cosmedoc\functions.php(48): require_once()
#1 C:\OSPanel\domains\localhost\cosmedoc\wp-settings.php(514): include('C:\\OSPanel\\doma...')
#2 C:\OSPanel\domains\localhost\cosmedoc\wp-config.php(29): require_once('C:\\OSPanel\\doma...')
#3 C:\OSPanel\domains\localhost\cosmedoc\wp-load.php(37): require_once('C:\\OSPanel\\doma...')
#4 C:\OSPanel\domains\localhost\cosmedoc\wp-blog-header.php(13): require_once('C:\\OSPanel\\doma...')
#5 C:\OSPanel\domains\localhost\cosmedoc\index.php(17): require('C:\\OSPanel\\doma...')
#6 {main}
  thrown in C:\OSPanel\domains\localhost\cosmedoc\wp-content\themes\cosmedoc\lib\woo-customizations\woo-cart.php on line 66

2020-10-26T17:31:18+00:00 CRITICAL Uncaught Error: Call to a member function get_cart() on null in C:\OSPanel\domains\localhost\cosmedoc\wp-content\themes\cosmedoc\lib\woo-customizations\woo-cart.php:66
Stack trace:
#0 C:\OSPanel\domains\localhost\cosmedoc\wp-content\themes\cosmedoc\functions.php(48): require_once()
#1 C:\OSPanel\domains\localhost\cosmedoc\wp-settings.php(514): include('C:\\OSPanel\\doma...')
#2 C:\OSPanel\domains\localhost\cosmedoc\wp-config.php(29): require_once('C:\\OSPanel\\doma...')
#3 C:\OSPanel\domains\localhost\cosmedoc\wp-load.php(37): require_once('C:\\OSPanel\\doma...')
#4 C:\OSPanel\domains\localhost\cosmedoc\wp-blog-header.php(13): require_once('C:\\OSPanel\\doma...')
#5 C:\OSPanel\domains\localhost\cosmedoc\index.php(17): require('C:\\OSPanel\\doma...')
#6 {main}
  thrown in C:\OSPanel\domains\localhost\cosmedoc\wp-content\themes\cosmedoc\lib\woo-customizations\woo-cart.php on line 66

2020-10-26T17:31:19+00:00 CRITICAL Uncaught Error: Call to a member function get_cart() on null in C:\OSPanel\domains\localhost\cosmedoc\wp-content\themes\cosmedoc\lib\woo-customizations\woo-cart.php:66
Stack trace:
#0 C:\OSPanel\domains\localhost\cosmedoc\wp-content\themes\cosmedoc\functions.php(48): require_once()
#1 C:\OSPanel\domains\localhost\cosmedoc\wp-settings.php(514): include('C:\\OSPanel\\doma...')
#2 C:\OSPanel\domains\localhost\cosmedoc\wp-config.php(29): require_once('C:\\OSPanel\\doma...')
#3 C:\OSPanel\domains\localhost\cosmedoc\wp-load.php(37): require_once('C:\\OSPanel\\doma...')
#4 C:\OSPanel\domains\localhost\cosmedoc\wp-blog-header.php(13): require_once('C:\\OSPanel\\doma...')
#5 C:\OSPanel\domains\localhost\cosmedoc\index.php(17): require('C:\\OSPanel\\doma...')
#6 {main}
  thrown in C:\OSPanel\domains\localhost\cosmedoc\wp-content\themes\cosmedoc\lib\woo-customizations\woo-cart.php on line 66

2020-10-26T17:31:19+00:00 CRITICAL Uncaught Error: Call to a member function get_cart() on null in C:\OSPanel\domains\localhost\cosmedoc\wp-content\themes\cosmedoc\lib\woo-customizations\woo-cart.php:66
Stack trace:
#0 C:\OSPanel\domains\localhost\cosmedoc\wp-content\themes\cosmedoc\functions.php(48): require_once()
#1 C:\OSPanel\domains\localhost\cosmedoc\wp-settings.php(514): include('C:\\OSPanel\\doma...')
#2 C:\OSPanel\domains\localhost\cosmedoc\wp-config.php(29): require_once('C:\\OSPanel\\doma...')
#3 C:\OSPanel\domains\localhost\cosmedoc\wp-load.php(37): require_once('C:\\OSPanel\\doma...')
#4 C:\OSPanel\domains\localhost\cosmedoc\wp-blog-header.php(13): require_once('C:\\OSPanel\\doma...')
#5 C:\OSPanel\domains\localhost\cosmedoc\index.php(17): require('C:\\OSPanel\\doma...')
#6 {main}
  thrown in C:\OSPanel\domains\localhost\cosmedoc\wp-content\themes\cosmedoc\lib\woo-customizations\woo-cart.php on line 66

2020-10-26T17:31:20+00:00 CRITICAL Uncaught Error: Call to a member function get_cart() on null in C:\OSPanel\domains\localhost\cosmedoc\wp-content\themes\cosmedoc\lib\woo-customizations\woo-cart.php:66
Stack trace:
#0 C:\OSPanel\domains\localhost\cosmedoc\wp-content\themes\cosmedoc\functions.php(48): require_once()
#1 C:\OSPanel\domains\localhost\cosmedoc\wp-settings.php(514): include('C:\\OSPanel\\doma...')
#2 C:\OSPanel\domains\localhost\cosmedoc\wp-config.php(29): require_once('C:\\OSPanel\\doma...')
#3 C:\OSPanel\domains\localhost\cosmedoc\wp-load.php(37): require_once('C:\\OSPanel\\doma...')
#4 C:\OSPanel\domains\localhost\cosmedoc\wp-blog-header.php(13): require_once('C:\\OSPanel\\doma...')
#5 C:\OSPanel\domains\localhost\cosmedoc\index.php(17): require('C:\\OSPanel\\doma...')
#6 {main}
  thrown in C:\OSPanel\domains\localhost\cosmedoc\wp-content\themes\cosmedoc\lib\woo-customizations\woo-cart.php on line 66

2020-10-26T17:31:31+00:00 CRITICAL Uncaught Error: Call to a member function get_cart() on null in C:\OSPanel\domains\localhost\cosmedoc\wp-content\themes\cosmedoc\lib\woo-customizations\woo-cart.php:66
Stack trace:
#0 C:\OSPanel\domains\localhost\cosmedoc\wp-content\themes\cosmedoc\functions.php(48): require_once()
#1 C:\OSPanel\domains\localhost\cosmedoc\wp-settings.php(514): include('C:\\OSPanel\\doma...')
#2 C:\OSPanel\domains\localhost\cosmedoc\wp-config.php(29): require_once('C:\\OSPanel\\doma...')
#3 C:\OSPanel\domains\localhost\cosmedoc\wp-load.php(37): require_once('C:\\OSPanel\\doma...')
#4 C:\OSPanel\domains\localhost\cosmedoc\wp-blog-header.php(13): require_once('C:\\OSPanel\\doma...')
#5 C:\OSPanel\domains\localhost\cosmedoc\index.php(17): require('C:\\OSPanel\\doma...')
#6 {main}
  thrown in C:\OSPanel\domains\localhost\cosmedoc\wp-content\themes\cosmedoc\lib\woo-customizations\woo-cart.php on line 66

2020-10-26T17:31:31+00:00 CRITICAL Uncaught Error: Call to a member function get_cart() on null in C:\OSPanel\domains\localhost\cosmedoc\wp-content\themes\cosmedoc\lib\woo-customizations\woo-cart.php:66
Stack trace:
#0 C:\OSPanel\domains\localhost\cosmedoc\wp-content\themes\cosmedoc\functions.php(48): require_once()
#1 C:\OSPanel\domains\localhost\cosmedoc\wp-settings.php(514): include('C:\\OSPanel\\doma...')
#2 C:\OSPanel\domains\localhost\cosmedoc\wp-config.php(29): require_once('C:\\OSPanel\\doma...')
#3 C:\OSPanel\domains\localhost\cosmedoc\wp-load.php(37): require_once('C:\\OSPanel\\doma...')
#4 C:\OSPanel\domains\localhost\cosmedoc\wp-blog-header.php(13): require_once('C:\\OSPanel\\doma...')
#5 C:\OSPanel\domains\localhost\cosmedoc\index.php(17): require('C:\\OSPanel\\doma...')
#6 {main}
  thrown in C:\OSPanel\domains\localhost\cosmedoc\wp-content\themes\cosmedoc\lib\woo-customizations\woo-cart.php on line 66

