2020-10-29T23:38:35+00:00 INFO POST https://api.sandbox.paypal.com/v1/oauth2/token
2020-10-29T23:38:36+00:00 DEBUG Request Headers 	: POST /v1/oauth2/token HTTP/1.1, Host: api.sandbox.paypal.com, User-Agent: PayPalSDK/PayPal-PHP-SDK 1.14.0 (platform-ver=7.0.33; bit=64; os=Windows_NT_10.0; machine=AMD64; crypto-lib-ver=1.0.2q; curl=7.59.0), Authorization: Basic Og==, Accept: */*, PayPal-Partner-Attribution-Id: WooCommerce_Cart_Plus, Content-Length: 29, Content-Type: application/x-www-form-urlencoded, , 
2020-10-29T23:38:36+00:00 DEBUG Request Data		: grant_type=client_credentials
--------------------------------------------------------------------------------------------------------------------------------

2020-10-29T23:38:36+00:00 INFO Response Status 	: 401
2020-10-29T23:38:36+00:00 DEBUG Response Headers	: Cache-Control: max-age=0, no-cache, no-store, must-revalidate, Content-Length: 77, Content-Type: application/json, Date: Thu, 29 Oct 2020 23:38:36 GMT, Paypal-Debug-Id: 8b0b4bc8ad6af, X-Paypal-Token-Service: IAAS, 
2020-10-29T23:38:36+00:00 ERROR Got Http response code 401 when accessing https://api.sandbox.paypal.com/v1/oauth2/token. {"error":"invalid_client","error_description":"Client Authentication failed"}
2020-10-29T23:38:36+00:00 DEBUG 

================================================================================================================================

2020-10-29T23:38:38+00:00 INFO POST https://api.sandbox.paypal.com/v1/oauth2/token
2020-10-29T23:38:39+00:00 DEBUG Request Headers 	: POST /v1/oauth2/token HTTP/1.1, Host: api.sandbox.paypal.com, User-Agent: PayPalSDK/PayPal-PHP-SDK 1.14.0 (platform-ver=7.0.33; bit=64; os=Windows_NT_10.0; machine=AMD64; crypto-lib-ver=1.0.2q; curl=7.59.0), Authorization: Basic Og==, Accept: */*, PayPal-Partner-Attribution-Id: WooCommerce_Cart_Plus, Content-Length: 29, Content-Type: application/x-www-form-urlencoded, , 
2020-10-29T23:38:39+00:00 DEBUG Request Data		: grant_type=client_credentials
--------------------------------------------------------------------------------------------------------------------------------

2020-10-29T23:38:39+00:00 INFO Response Status 	: 401
2020-10-29T23:38:39+00:00 DEBUG Response Headers	: Cache-Control: max-age=0, no-cache, no-store, must-revalidate, Content-Length: 77, Content-Type: application/json, Date: Thu, 29 Oct 2020 23:38:38 GMT, Paypal-Debug-Id: 38dc0b27c890e, X-Paypal-Token-Service: IAAS, 
2020-10-29T23:38:39+00:00 ERROR Got Http response code 401 when accessing https://api.sandbox.paypal.com/v1/oauth2/token. {"error":"invalid_client","error_description":"Client Authentication failed"}
2020-10-29T23:38:39+00:00 DEBUG 

================================================================================================================================

2020-10-29T23:50:37+00:00 INFO POST https://api.sandbox.paypal.com/v1/oauth2/token
2020-10-29T23:50:39+00:00 DEBUG Request Headers 	: POST /v1/oauth2/token HTTP/1.1, Host: api.sandbox.paypal.com, User-Agent: PayPalSDK/PayPal-PHP-SDK 1.14.0 (platform-ver=7.0.33; bit=64; os=Windows_NT_10.0; machine=AMD64; crypto-lib-ver=1.0.2q; curl=7.59.0), Authorization: Basic QVV0ZURrcnVGTTdXOXA2cHdxalFNbzFsOFFObTI4Mk1JOXU1ZUloekhCRTFVR0VwM2Z6c1BrUXpFSVp3Qk9LRFkwckhXV0R6UlpkRHZacHg6RUo3N0YyUjRZSWhxY1VydldzRmhkWm05Y2VUUDQ1dVlEMzVDWDZHX3NkXzhGa0phOXA2Wk1WelBaVF9jY0pqeU9VVkwtY2lHcTNhYkFsUlQ=, Accept: */*, Content-Length: 29, Content-Type: application/x-www-form-urlencoded, , 
2020-10-29T23:50:39+00:00 DEBUG Request Data		: grant_type=client_credentials
--------------------------------------------------------------------------------------------------------------------------------

2020-10-29T23:50:39+00:00 INFO Response Status 	: 200
2020-10-29T23:50:39+00:00 DEBUG Response Headers	: Cache-Control: max-age=0, no-cache, no-store, must-revalidate, Content-Length: 918, Content-Type: application/json, Date: Thu, 29 Oct 2020 23:50:38 GMT, Paypal-Debug-Id: f02c4680e6df3, X-Paypal-Token-Service: IAAS, 
2020-10-29T23:50:39+00:00 DEBUG Response Data 	: {"scope":"https://uri.paypal.com/services/invoicing https://uri.paypal.com/services/disputes/read-buyer https://uri.paypal.com/services/payments/realtimepayment https://uri.paypal.com/services/disputes/update-seller https://uri.paypal.com/services/payments/payment/authcapture openid https://uri.paypal.com/services/disputes/read-seller https://uri.paypal.com/services/payments/refund https://api.paypal.com/v1/vault/credit-card https://api.paypal.com/v1/payments/.* https://uri.paypal.com/payments/payouts https://api.paypal.com/v1/vault/credit-card/.* https://uri.paypal.com/services/subscriptions https://uri.paypal.com/services/applications/webhooks","access_token":"A21AAIgu1uhojGiPwOGJ4S4-Ypv0SoIXMW6CqEJgL0Z34hr3lSeG6oeDuCyuSsfNnDAPaC7Iwgz_F8gXNdqb9qAXine3PiHoQ","token_type":"Bearer","app_id":"APP-80W284485P519543T","expires_in":32399,"nonce":"2020-10-29T23:50:38ZfCCweojCikYSf6I2hyKEg84EMtoVNMc3HCNHMUHh4jM"}

================================================================================================================================

2020-10-29T23:50:39+00:00 INFO GET https://api.sandbox.paypal.com/v1/payments/payment?count=1
2020-10-29T23:50:40+00:00 DEBUG Request Headers 	: GET /v1/payments/payment?count=1 HTTP/1.1, Host: api.sandbox.paypal.com, Accept: */*, Content-Type: application/json, User-Agent: PayPalSDK/PayPal-PHP-SDK 1.14.0 (platform-ver=7.0.33; bit=64; os=Windows_NT_10.0; machine=AMD64; crypto-lib-ver=1.0.2q; curl=7.59.0), Authorization: Bearer A21AAIgu1uhojGiPwOGJ4S4-Ypv0SoIXMW6CqEJgL0Z34hr3lSeG6oeDuCyuSsfNnDAPaC7Iwgz_F8gXNdqb9qAXine3PiHoQ, , 
2020-10-29T23:50:40+00:00 DEBUG No Request Payload
--------------------------------------------------------------------------------------------------------------------------------

2020-10-29T23:50:40+00:00 INFO Response Status 	: 200
2020-10-29T23:50:40+00:00 DEBUG Response Headers	: Cache-Control: max-age=0, no-cache, no-store, must-revalidate, Content-Length: 25, Content-Type: application/json;charset=UTF-8, Date: Thu, 29 Oct 2020 23:50:40 GMT, Paypal-Debug-Id: c2ea02771b03d, 
2020-10-29T23:50:40+00:00 DEBUG Response Data 	: {"payments":[],"count":0}

================================================================================================================================

2020-10-29T23:50:40+00:00 INFO POST https://api.sandbox.paypal.com/v1/payment-experience/web-profiles/
2020-10-29T23:50:40+00:00 DEBUG Request Headers 	: POST /v1/payment-experience/web-profiles/ HTTP/1.1, Host: api.sandbox.paypal.com, Accept: */*, Content-Type: application/json, User-Agent: PayPalSDK/PayPal-PHP-SDK 1.14.0 (platform-ver=7.0.33; bit=64; os=Windows_NT_10.0; machine=AMD64; crypto-lib-ver=1.0.2q; curl=7.59.0), Authorization: Bearer A21AAIgu1uhojGiPwOGJ4S4-Ypv0SoIXMW6CqEJgL0Z34hr3lSeG6oeDuCyuSsfNnDAPaC7Iwgz_F8gXNdqb9qAXine3PiHoQ, PayPal-Request-Id: http://cosmedoc.local5f9b554dd1acf, Content-Length: 127, , 
2020-10-29T23:50:40+00:00 DEBUG Request Data		: {"name":"Cosmedoc5f9b55502abc8","input_fields":{"no_shipping":0,"address_override":1},"presentation":{"brand_name":"Cosmedoc"}}
--------------------------------------------------------------------------------------------------------------------------------

2020-10-29T23:50:40+00:00 INFO Response Status 	: 201
2020-10-29T23:50:40+00:00 DEBUG Response Headers	: Cache-Control: max-age=0, no-cache, no-store, must-revalidate, Content-Length: 175, Content-Type: application/json, Date: Thu, 29 Oct 2020 23:50:40 GMT, Paypal-Debug-Id: 614df7d90d065, 
2020-10-29T23:50:40+00:00 DEBUG Response Data 	: {"id":"XP-FTFY-Z77S-X7JY-UPPC","name":"Cosmedoc5f9b55502abc8","temporary":false,"input_fields":{"no_shipping":0,"address_override":1},"presentation":{"brand_name":"Cosmedoc"}}

================================================================================================================================

2020-10-29T23:50:46+00:00 INFO POST https://api.sandbox.paypal.com/v1/payments/payment
2020-10-29T23:50:47+00:00 DEBUG Request Headers 	: POST /v1/payments/payment HTTP/1.1, Host: api.sandbox.paypal.com, Accept: */*, Content-Type: application/json, User-Agent: PayPalSDK/PayPal-PHP-SDK 1.14.0 (platform-ver=7.0.33; bit=64; os=Windows_NT_10.0; machine=AMD64; crypto-lib-ver=1.0.2q; curl=7.59.0), Authorization: Bearer A21AAIgu1uhojGiPwOGJ4S4-Ypv0SoIXMW6CqEJgL0Z34hr3lSeG6oeDuCyuSsfNnDAPaC7Iwgz_F8gXNdqb9qAXine3PiHoQ, PayPal-Request-Id: http://cosmedoc.local5f9b555641b3a, PayPal-Partner-Attribution-Id: WooCommerce_Cart_Plus, Content-Length: 1044, , 
2020-10-29T23:50:47+00:00 DEBUG Request Data		: {"intent":"sale","experience_profile_id":"XP-FTFY-Z77S-X7JY-UPPC","payer":{"payment_method":"paypal"},"redirect_urls":{"return_url":"http://cosmedoc.local/wc-api/paypal_plus/","cancel_url":"http://cosmedoc.local/cart/"},"transactions":[{"amount":{"currency":"RUB","total":"12661.00","details":{"shipping":"21.00","subtotal":"12640.00","tax":"0.00"}},"item_list":{"items":[{"name":"\u0418\u043d\u0442\u0435\u043d\u0441\u0438\u0432\u043d\u0430\u044f \u0440\u0430\u0437\u0433\u043b\u0430\u0436\u0438\u0432\u0430\u044e\u0449\u0430\u044f \u0438 \u0443\u043a\u0440\u0435\u043f\u043b\u044f\u044e\u0449\u0430\u044f \u0441\u044b\u0432\u043e\u0440\u043e\u0442\u043a\u0430 \u0434\u043b\u044f \u0433\u043b\u0430\u0437","currency":"RUB","quantity":1,"price":"8400.00","sku":"KL_PR040"},{"name":"\u041a\u043e\u043d\u0441\u0438\u043b\u0435\u0440 20spf Light","currency":"RUB","quantity":1,"price":"4240.00","sku":"KL_PR016"}]},"description":"Payment description","invoice_number":"5f9b555642fea","notify_url":"http://cosmedoc.local/wc-api/paypal_plus_ipn/"}]}
--------------------------------------------------------------------------------------------------------------------------------

2020-10-29T23:50:47+00:00 INFO Response Status 	: 201
2020-10-29T23:50:47+00:00 DEBUG Response Headers	: Cache-Control: max-age=0, no-cache, no-store, must-revalidate, Content-Language: *, Content-Length: 1209, Content-Type: application/json, Date: Thu, 29 Oct 2020 23:50:47 GMT, Paypal-Debug-Id: 624081b8de267, 
2020-10-29T23:50:47+00:00 DEBUG Response Data 	: {"id":"PAYID-L6NVKVY9HM98210S64876420","intent":"sale","state":"created","payer":{"payment_method":"paypal"},"transactions":[{"amount":{"total":"12661.00","currency":"RUB","details":{"subtotal":"12640.00","tax":"0.00","shipping":"21.00"}},"description":"Payment description","invoice_number":"5f9b555642fea","item_list":{"items":[{"name":"Интенсивная разглаживающая и укрепляющая сыворотка для глаз","sku":"KL_PR040","price":"8400.00","currency":"RUB","quantity":1},{"name":"Консилер 20spf Light","sku":"KL_PR016","price":"4240.00","currency":"RUB","quantity":1}]},"related_resources":[],"notify_url":"http://cosmedoc.local/wc-api/paypal_plus_ipn/"}],"experience_profile_id":"XP-FTFY-Z77S-X7JY-UPPC","create_time":"2020-10-29T23:50:47Z","links":[{"href":"https://api.sandbox.paypal.com/v1/payments/payment/PAYID-L6NVKVY9HM98210S64876420","rel":"self","method":"GET"},{"href":"https://www.sandbox.paypal.com/cgi-bin/webscr?cmd=_express-checkout&token=EC-10D13836PU717081L","rel":"approval_url","method":"REDIRECT"},{"href":"https://api.sandbox.paypal.com/v1/payments/payment/PAYID-L6NVKVY9HM98210S64876420/execute","rel":"execute","method":"POST"}]}

================================================================================================================================

2020-10-29T23:51:31+00:00 ERROR Impossible to update the order, payment id  is not valid.
2020-10-29T23:51:41+00:00 INFO POST https://api.sandbox.paypal.com/v1/payments/payment
2020-10-29T23:51:43+00:00 DEBUG Request Headers 	: POST /v1/payments/payment HTTP/1.1, Host: api.sandbox.paypal.com, Accept: */*, Content-Type: application/json, User-Agent: PayPalSDK/PayPal-PHP-SDK 1.14.0 (platform-ver=7.0.33; bit=64; os=Windows_NT_10.0; machine=AMD64; crypto-lib-ver=1.0.2q; curl=7.59.0), Authorization: Bearer A21AAIgu1uhojGiPwOGJ4S4-Ypv0SoIXMW6CqEJgL0Z34hr3lSeG6oeDuCyuSsfNnDAPaC7Iwgz_F8gXNdqb9qAXine3PiHoQ, PayPal-Request-Id: http://cosmedoc.local5f9b558dce182, PayPal-Partner-Attribution-Id: WooCommerce_Cart_Plus, Content-Length: 1043, , 
2020-10-29T23:51:43+00:00 DEBUG Request Data		: {"intent":"sale","experience_profile_id":"XP-FTFY-Z77S-X7JY-UPPC","payer":{"payment_method":"paypal"},"redirect_urls":{"return_url":"http://cosmedoc.local/wc-api/paypal_plus/","cancel_url":"http://cosmedoc.local/cart/"},"transactions":[{"amount":{"currency":"RUB","total":"25280.00","details":{"shipping":"0.00","subtotal":"25280.00","tax":"0.00"}},"item_list":{"items":[{"name":"\u0418\u043d\u0442\u0435\u043d\u0441\u0438\u0432\u043d\u0430\u044f \u0440\u0430\u0437\u0433\u043b\u0430\u0436\u0438\u0432\u0430\u044e\u0449\u0430\u044f \u0438 \u0443\u043a\u0440\u0435\u043f\u043b\u044f\u044e\u0449\u0430\u044f \u0441\u044b\u0432\u043e\u0440\u043e\u0442\u043a\u0430 \u0434\u043b\u044f \u0433\u043b\u0430\u0437","currency":"RUB","quantity":2,"price":"8400.00","sku":"KL_PR040"},{"name":"\u041a\u043e\u043d\u0441\u0438\u043b\u0435\u0440 20spf Light","currency":"RUB","quantity":2,"price":"4240.00","sku":"KL_PR016"}]},"description":"Payment description","invoice_number":"5f9b558dcf114","notify_url":"http://cosmedoc.local/wc-api/paypal_plus_ipn/"}]}
--------------------------------------------------------------------------------------------------------------------------------

2020-10-29T23:51:43+00:00 INFO Response Status 	: 201
2020-10-29T23:51:43+00:00 DEBUG Response Headers	: Cache-Control: max-age=0, no-cache, no-store, must-revalidate, Content-Language: *, Content-Length: 1208, Content-Type: application/json, Date: Thu, 29 Oct 2020 23:51:43 GMT, Paypal-Debug-Id: b2bcf9100f21e, 
2020-10-29T23:51:43+00:00 DEBUG Response Data 	: {"id":"PAYID-L6NVLDY9F160759C2052711V","intent":"sale","state":"created","payer":{"payment_method":"paypal"},"transactions":[{"amount":{"total":"25280.00","currency":"RUB","details":{"subtotal":"25280.00","tax":"0.00","shipping":"0.00"}},"description":"Payment description","invoice_number":"5f9b558dcf114","item_list":{"items":[{"name":"Интенсивная разглаживающая и укрепляющая сыворотка для глаз","sku":"KL_PR040","price":"8400.00","currency":"RUB","quantity":2},{"name":"Консилер 20spf Light","sku":"KL_PR016","price":"4240.00","currency":"RUB","quantity":2}]},"related_resources":[],"notify_url":"http://cosmedoc.local/wc-api/paypal_plus_ipn/"}],"experience_profile_id":"XP-FTFY-Z77S-X7JY-UPPC","create_time":"2020-10-29T23:51:42Z","links":[{"href":"https://api.sandbox.paypal.com/v1/payments/payment/PAYID-L6NVLDY9F160759C2052711V","rel":"self","method":"GET"},{"href":"https://www.sandbox.paypal.com/cgi-bin/webscr?cmd=_express-checkout&token=EC-5X460699BC681215R","rel":"approval_url","method":"REDIRECT"},{"href":"https://api.sandbox.paypal.com/v1/payments/payment/PAYID-L6NVLDY9F160759C2052711V/execute","rel":"execute","method":"POST"}]}

================================================================================================================================

2020-10-29T23:51:53+00:00 INFO GET https://api.sandbox.paypal.com/v1/payments/payment/PAYID-L6NVLDY9F160759C2052711V
2020-10-29T23:51:54+00:00 DEBUG Request Headers 	: GET /v1/payments/payment/PAYID-L6NVLDY9F160759C2052711V HTTP/1.1, Host: api.sandbox.paypal.com, Accept: */*, Content-Type: application/json, User-Agent: PayPalSDK/PayPal-PHP-SDK 1.14.0 (platform-ver=7.0.33; bit=64; os=Windows_NT_10.0; machine=AMD64; crypto-lib-ver=1.0.2q; curl=7.59.0), Authorization: Bearer A21AAIgu1uhojGiPwOGJ4S4-Ypv0SoIXMW6CqEJgL0Z34hr3lSeG6oeDuCyuSsfNnDAPaC7Iwgz_F8gXNdqb9qAXine3PiHoQ, PayPal-Partner-Attribution-Id: WooCommerce_Cart_Plus, , 
2020-10-29T23:51:54+00:00 DEBUG No Request Payload
--------------------------------------------------------------------------------------------------------------------------------

2020-10-29T23:51:54+00:00 INFO Response Status 	: 200
2020-10-29T23:51:54+00:00 DEBUG Response Headers	: Cache-Control: max-age=0, no-cache, no-store, must-revalidate, Content-Length: 1433, Content-Type: application/json;charset=UTF-8, Date: Thu, 29 Oct 2020 23:51:53 GMT, Paypal-Debug-Id: cdfd3580a41b9, 
2020-10-29T23:51:54+00:00 DEBUG Response Data 	: {"id":"PAYID-L6NVLDY9F160759C2052711V","intent":"sale","state":"created","cart":"5X460699BC681215R","transactions":[{"amount":{"total":"25280.00","currency":"RUB","details":{"subtotal":"25280.00","tax":"0.00","shipping":"0.00"}},"payee":{"merchant_id":"KM3N36KN9NXC8","email":"sb-d2ou43606506@business.example.com"},"description":"Payment description","invoice_number":"5f9b558dcf114","item_list":{"items":[{"name":"Интенсивная разглаживающая и укрепляющая сыворотка для глаз","sku":"KL_PR040","price":"8400.00","currency":"RUB","quantity":2},{"name":"Консилер 20spf Light","sku":"KL_PR016","price":"4240.00","currency":"RUB","quantity":2}]},"related_resources":[],"notify_url":"http://cosmedoc.local/wc-api/paypal_plus_ipn/"}],"redirect_urls":{"return_url":"http://cosmedoc.local/wc-api/paypal_plus/?paymentId=PAYID-L6NVLDY9F160759C2052711V","cancel_url":"http://cosmedoc.local/cart/"},"create_time":"2020-10-29T23:51:42Z","update_time":"2020-10-29T23:51:54Z","links":[{"href":"https://api.sandbox.paypal.com/v1/payments/payment/PAYID-L6NVLDY9F160759C2052711V","rel":"self","method":"GET"},{"href":"https://api.sandbox.paypal.com/v1/payments/payment/PAYID-L6NVLDY9F160759C2052711V/execute","rel":"execute","method":"POST"},{"href":"https://www.sandbox.paypal.com/cgi-bin/webscr?cmd=_express-checkout&token=EC-5X460699BC681215R","rel":"approval_url","method":"REDIRECT"}]}

================================================================================================================================

2020-10-29T23:51:54+00:00 INFO GET https://api.sandbox.paypal.com/v1/payments/payment/PAYID-L6NVLDY9F160759C2052711V
2020-10-29T23:51:55+00:00 DEBUG Request Headers 	: GET /v1/payments/payment/PAYID-L6NVLDY9F160759C2052711V HTTP/1.1, Host: api.sandbox.paypal.com, Accept: */*, Content-Type: application/json, User-Agent: PayPalSDK/PayPal-PHP-SDK 1.14.0 (platform-ver=7.0.33; bit=64; os=Windows_NT_10.0; machine=AMD64; crypto-lib-ver=1.0.2q; curl=7.59.0), Authorization: Bearer A21AAIgu1uhojGiPwOGJ4S4-Ypv0SoIXMW6CqEJgL0Z34hr3lSeG6oeDuCyuSsfNnDAPaC7Iwgz_F8gXNdqb9qAXine3PiHoQ, PayPal-Partner-Attribution-Id: WooCommerce_Cart_Plus, , 
2020-10-29T23:51:55+00:00 DEBUG No Request Payload
--------------------------------------------------------------------------------------------------------------------------------

2020-10-29T23:51:55+00:00 INFO Response Status 	: 200
2020-10-29T23:51:55+00:00 DEBUG Response Headers	: Cache-Control: max-age=0, no-cache, no-store, must-revalidate, Content-Length: 1433, Content-Type: application/json;charset=UTF-8, Date: Thu, 29 Oct 2020 23:51:55 GMT, Paypal-Debug-Id: b8a872bd508ac, 
2020-10-29T23:51:55+00:00 DEBUG Response Data 	: {"id":"PAYID-L6NVLDY9F160759C2052711V","intent":"sale","state":"created","cart":"5X460699BC681215R","transactions":[{"amount":{"total":"25280.00","currency":"RUB","details":{"subtotal":"25280.00","tax":"0.00","shipping":"0.00"}},"payee":{"merchant_id":"KM3N36KN9NXC8","email":"sb-d2ou43606506@business.example.com"},"description":"Payment description","invoice_number":"5f9b558dcf114","item_list":{"items":[{"name":"Интенсивная разглаживающая и укрепляющая сыворотка для глаз","sku":"KL_PR040","price":"8400.00","currency":"RUB","quantity":2},{"name":"Консилер 20spf Light","sku":"KL_PR016","price":"4240.00","currency":"RUB","quantity":2}]},"related_resources":[],"notify_url":"http://cosmedoc.local/wc-api/paypal_plus_ipn/"}],"redirect_urls":{"return_url":"http://cosmedoc.local/wc-api/paypal_plus/?paymentId=PAYID-L6NVLDY9F160759C2052711V","cancel_url":"http://cosmedoc.local/cart/"},"create_time":"2020-10-29T23:51:42Z","update_time":"2020-10-29T23:51:55Z","links":[{"href":"https://api.sandbox.paypal.com/v1/payments/payment/PAYID-L6NVLDY9F160759C2052711V","rel":"self","method":"GET"},{"href":"https://api.sandbox.paypal.com/v1/payments/payment/PAYID-L6NVLDY9F160759C2052711V/execute","rel":"execute","method":"POST"},{"href":"https://www.sandbox.paypal.com/cgi-bin/webscr?cmd=_express-checkout&token=EC-5X460699BC681215R","rel":"approval_url","method":"REDIRECT"}]}

================================================================================================================================

2020-10-29T23:51:55+00:00 INFO PATCH https://api.sandbox.paypal.com/v1/payments/payment/PAYID-L6NVLDY9F160759C2052711V
2020-10-29T23:51:56+00:00 DEBUG Request Headers 	: PATCH /v1/payments/payment/PAYID-L6NVLDY9F160759C2052711V HTTP/1.1, Host: api.sandbox.paypal.com, Accept: */*, Content-Type: application/json, User-Agent: PayPalSDK/PayPal-PHP-SDK 1.14.0 (platform-ver=7.0.33; bit=64; os=Windows_NT_10.0; machine=AMD64; crypto-lib-ver=1.0.2q; curl=7.59.0), Authorization: Bearer A21AAIgu1uhojGiPwOGJ4S4-Ypv0SoIXMW6CqEJgL0Z34hr3lSeG6oeDuCyuSsfNnDAPaC7Iwgz_F8gXNdqb9qAXine3PiHoQ, PayPal-Partner-Attribution-Id: WooCommerce_Cart_Plus, Content-Length: 1133, , 
2020-10-29T23:51:56+00:00 DEBUG Request Data		: [{"op":"replace","path":"/transactions/0/amount","value":{"total":"25280.00","currency":"RUB","details":{"subtotal":"25280.00","shipping":"0.00","tax":"0.00"}}},{"op":"add","path":"/transactions/0/custom","value":"wc_order_GD8ohDCdIxfL7"},{"op":"add","path":"/transactions/0/invoice_number","value":"WC-PPP-COSMEDOC-307"},{"op":"replace","path":"/transactions/0/item_list","value":{"items":[{"name":"\u0418\u043d\u0442\u0435\u043d\u0441\u0438\u0432\u043d\u0430\u044f \u0440\u0430\u0437\u0433\u043b\u0430\u0436\u0438\u0432\u0430\u044e\u0449\u0430\u044f \u0438 \u0443\u043a\u0440\u0435\u043f\u043b\u044f\u044e\u0449\u0430\u044f \u0441\u044b\u0432\u043e\u0440\u043e\u0442\u043a\u0430 \u0434\u043b\u044f \u0433\u043b\u0430\u0437","currency":"RUB","quantity":2,"price":"8400.00","sku":"KL_PR040"},{"name":"\u041a\u043e\u043d\u0441\u0438\u043b\u0435\u0440 20spf Light","currency":"RUB","quantity":2,"price":"4240.00","sku":"KL_PR016"}]}},{"op":"add","path":"/transactions/0/item_list/shipping_address","value":{"recipient_name":"Aleks Piven","line1":"ttt","line2":"","city":"gdfgdfg","state":"","postal_code":"44444","country_code":"IL"}}]
--------------------------------------------------------------------------------------------------------------------------------

2020-10-29T23:51:56+00:00 INFO Response Status 	: 200
2020-10-29T23:51:56+00:00 DEBUG Response Headers	: Cache-Control: max-age=0, no-cache, no-store, must-revalidate, Content-Length: 1609, Content-Type: application/json;charset=UTF-8, Date: Thu, 29 Oct 2020 23:51:56 GMT, Paypal-Debug-Id: ba9baa73161c3, 
2020-10-29T23:51:56+00:00 DEBUG Response Data 	: {"id":"PAYID-L6NVLDY9F160759C2052711V","intent":"sale","state":"created","cart":"5X460699BC681215R","transactions":[{"amount":{"total":"25280.00","currency":"RUB","details":{"subtotal":"25280.00","tax":"0.00","shipping":"0.00"}},"payee":{"merchant_id":"KM3N36KN9NXC8","email":"sb-d2ou43606506@business.example.com"},"description":"Payment description","custom":"wc_order_GD8ohDCdIxfL7","invoice_number":"WC-PPP-COSMEDOC-307","item_list":{"items":[{"name":"Интенсивная разглаживающая и укрепляющая сыворотка для глаз","sku":"KL_PR040","price":"8400.00","currency":"RUB","quantity":2},{"name":"Консилер 20spf Light","sku":"KL_PR016","price":"4240.00","currency":"RUB","quantity":2}],"shipping_address":{"recipient_name":"Aleks Piven","line1":"ttt","city":"gdfgdfg","state":"","postal_code":"44444","country_code":"IL"}},"related_resources":[],"notify_url":"http://cosmedoc.local/wc-api/paypal_plus_ipn/"}],"redirect_urls":{"return_url":"http://cosmedoc.local/wc-api/paypal_plus/?paymentId=PAYID-L6NVLDY9F160759C2052711V","cancel_url":"http://cosmedoc.local/cart/"},"create_time":"2020-10-29T23:51:42Z","update_time":"2020-10-29T23:51:56Z","links":[{"href":"https://api.sandbox.paypal.com/v1/payments/payment/PAYID-L6NVLDY9F160759C2052711V","rel":"self","method":"GET"},{"href":"https://api.sandbox.paypal.com/v1/payments/payment/PAYID-L6NVLDY9F160759C2052711V/execute","rel":"execute","method":"POST"},{"href":"https://www.sandbox.paypal.com/cgi-bin/webscr?cmd=_express-checkout&token=EC-5X460699BC681215R","rel":"approval_url","method":"REDIRECT"}]}

================================================================================================================================

