********************************************************************************
DUPLICATOR-LITE PACKAGE-LOG: September 26, 2020 8:37 pm
NOTICE: Do NOT post to public sites or forums 
********************************************************************************
VERSION:	1.3.38
WORDPRESS:	5.5.1
PHP INFO:	7.0.33 | SAPI: apache2handler
SERVER:		Apache 
PHP TIME LIMIT: (0) no time limit imposed 
PHP MAX MEMORY: 4294967296 (1536M default) 
MEMORY STACK: 10MB

********************************************************************************
DATABASE:
********************************************************************************
BUILD MODE:   MYSQLDUMP
MYSQLTIMEOUT: 5000
MYSQLDUMP:    Is Supported
SQL CREATED: 20200926_cosmedoc_7b9c785c906aeb1c1258_20200926203737_database.sql
SQL FILE SIZE: 979.05KB (1002547)
SQL FILE TIME: 2020-09-26 20:37:52
SQL RUNTIME: 6.34 sec.

********************************************************************************
ARCHIVE (ZIP):
********************************************************************************
ARCHIVE DIR:  D:/OSPanel/domains/cosmedic
ARCHIVE FILE: 20200926_cosmedoc_7b9c785c906aeb1c1258_20200926203737_archive.zip
FILTERS: *OFF*
DIRS:
	not set
FILES:
	not set
EXTS:  not set
----------------------------------------
COMPRESSING
SIZE:	185.95MB
STATS:	Dirs 1,222 | Files 8,166
SQL ADDED: 20200926_cosmedoc_7b9c785c906aeb1c1258_20200926203737_database.sql
ZipArchive Object
(
    [status] => 0
    [statusSys] => 0
    [numFiles] => 9388
    [filename] => D:\OSPanel\domains\cosmedic\wp-content\backups-dup-lite\tmp\20200926_cosmedoc_7b9c785c906aeb1c1258_20200926203737_archive.zip
    [comment] => 
)

FILE ADDED TO ZIP: 9387
COMPRESSION RESULT: '1'
COMPRESSED SIZE: 90.29MB
ARCHIVE RUNTIME: 67.47 sec.
MEMORY STACK: 12MB
building installer
add_extra_files1
add_extra_files2
add_extra_files3
add_extra_files4
Doing archive file check
add_extra_files5
add_extra_files6
add_extra_files8
Successfully opened zip D:/OSPanel/domains/cosmedic/wp-content/backups-dup-lite/tmp/20200926_cosmedoc_7b9c785c906aeb1c1258_20200926203737_archive.zip
Adding enhanced installer files to archive using ZipArchive
Installer files added to archive
Added to archive
After ziparchive close when adding installer

********************************************************************************
INTEGRITY CHECKS:
********************************************************************************
SQL FILE: 979.05KB
INSTALLER FILE: 61.31KB
ARCHIVE FILE: 91.83MB 
EXPECTED FILE/DIRECTORY COUNT: 9,388
ACTUAL FILE/DIRECTORY COUNT: 9,387
ARCHIVE CONSISTENCY TEST: Pass

********************************************************************************
RECORD ID:[2]
TOTAL PROCESS RUNTIME: 74.74 sec.
PEAK PHP MEMORY USED: 14MB
DONE PROCESSING => 20200926_cosmedoc September 26, 2020 8:39 pm

